Username:  rollers
Date:      Tue Apr 17 14:08:03 EDT 2018
 
*** Compiling ***
javac *.java
--- Running Append1 ---

Append Timing Test 1:
 Enter the number of values you want to append: 
Appending 10000 values to a LinkedList took : 0.001 seconds.

Appending 10000 values to an ArrayList took : 0.002 seconds.

--- Running Append2 ---

Append Timing Test 2:
 Enter the size of the list to append to: 
Appending one value to a LinkedList  took : 0.0 seconds.

Size of ArrayList before append is : 10000.

Size of ArrayList after append is : 10001.

Appending one value to an ArrayList took : 0.0 seconds.

--- Running Prepend1 ---

Prepend Timing Test 1:
 Enter the number of values you want to prepend: 
Prepending 10000 values to a LinkedList took : 0.002 seconds.

Prepending 10000 values to an ArrayList took : 0.011 seconds.

--- Running Prepend2 ---

Prepend Timing Test 2:
 Enter the size of the list to prepend to: 
Prepending one value to a LinkedList took : 0.0 seconds.

Prepending one value to an ArrayList took : 0.0 seconds.

rm -f *.class *~ *#
