Username:  rollers
Date:      Tue Feb 20 14:52:12 EST 2018
 
*** compiling Calculate ***
javac *.java
--- Running add ---

Welcome to the 5-function calculator!
 
Please enter:
	+, to perform addition;
	-, to perform subtraction;
	*, to perform multiplication;
	/, to perform division;
	^, to perform exponentiation; 
--> 

Now enter your operand: 
Now enter your operand: 

5.0 + 6.0 = 11.0

--- Running subtract ---

Welcome to the 5-function calculator!
 
Please enter:
	+, to perform addition;
	-, to perform subtraction;
	*, to perform multiplication;
	/, to perform division;
	^, to perform exponentiation; 
--> 

Now enter your operand: 
Now enter your operand: 

7.77 - 6.66 = 1.1099999999999994

--- Running multiply ---

Welcome to the 5-function calculator!
 
Please enter:
	+, to perform addition;
	-, to perform subtraction;
	*, to perform multiplication;
	/, to perform division;
	^, to perform exponentiation; 
--> 

Now enter your operand: 
Now enter your operand: 

77.8 * 6.0 = 466.79999999999995

--- Running divide ---

Welcome to the 5-function calculator!
 
Please enter:
	+, to perform addition;
	-, to perform subtraction;
	*, to perform multiplication;
	/, to perform division;
	^, to perform exponentiation; 
--> 

Now enter your operand: 
Now enter your operand: 

100.0 / 10.0 = 10.0

rm -f *.class *~ *#
